<?xml version="1.0" encoding="UTF-8"?>
<!-- Generated by org.testng.reporters.JUnitXMLReporter -->
<testsuite ignored="0" hostname="DESKTOP-2KHENJU" failures="0" tests="3" name="Surefire test" time="0.091" errors="0" timestamp="2021-07-02T14:58:53 CDT">
  <testcase classname="Mypackage.APITest" name="apiTest on apiTest(Mypackage.APITest)" time="0.009"/>
  <testcase classname="Mypackage.AppuimTest" name="mobiletest on mobiletest(Mypackage.AppuimTest)" time="0.001"/>
  <testcase classname="Mypackage.SelinumTest" name="selenuimtest on selenuimtest(Mypackage.SelinumTest)" time="0.001"/>
</testsuite> <!-- Surefire test -->
