<?xml version="1.0" encoding="UTF-8"?>
<testng-results ignored="0" total="3" passed="3" failed="0" skipped="0">
  <reporter-output>
  </reporter-output>
  <suite started-at="2021-07-02T14:58:53 CDT" name="Surefire suite" finished-at="2021-07-02T14:58:53 CDT" duration-ms="91">
    <groups>
    </groups>
    <test started-at="2021-07-02T14:58:53 CDT" name="Surefire test" finished-at="2021-07-02T14:58:53 CDT" duration-ms="91">
      <class name="Mypackage.APITest">
        <test-method signature="apiTest()" started-at="2021-07-02T14:58:53 CDT" name="apiTest" finished-at="2021-07-02T14:58:53 CDT" duration-ms="9" status="PASS">
          <reporter-output>
          </reporter-output>
        </test-method> <!-- apiTest -->
      </class> <!-- Mypackage.APITest -->
      <class name="Mypackage.AppuimTest">
        <test-method signature="mobiletest()" started-at="2021-07-02T14:58:53 CDT" name="mobiletest" finished-at="2021-07-02T14:58:53 CDT" duration-ms="1" status="PASS">
          <reporter-output>
          </reporter-output>
        </test-method> <!-- mobiletest -->
      </class> <!-- Mypackage.AppuimTest -->
      <class name="Mypackage.SelinumTest">
        <test-method signature="selenuimtest()" started-at="2021-07-02T14:58:53 CDT" name="selenuimtest" finished-at="2021-07-02T14:58:53 CDT" duration-ms="1" status="PASS">
          <reporter-output>
          </reporter-output>
        </test-method> <!-- selenuimtest -->
      </class> <!-- Mypackage.SelinumTest -->
    </test> <!-- Surefire test -->
  </suite> <!-- Surefire suite -->
</testng-results>
